Importer Log Report
Project : Adafruit BMP390.PrjPcb

Section : Analyze Document - C:\Users\HP i7\Downloads\Adafruit BMP390.sch
    Analyzing data of C:\Users\HP i7\Downloads\Adafruit BMP390.sch
    Load settings
    Load layers 177
    Load schematic
    Load Libraries 2
    Load Library "microbuilder"
    Load Packages 67
    Load Symbols 16
    Load DeviceSets 16
    Load Library "supply1"
    Load Packages 0
    Load Symbols 2
    Load DeviceSets 2
    Load Attributes 0
    Load Classes 3
    Load Parts 43
    Load Sheets 1
    ERROR: Unhandled type <errors>
EndSection
